<?xml version="1.0" encoding="UTF-8"?>
<!-- Generated by org.testng.reporters.JUnitXMLReporter -->
<testsuite ignored="0" hostname="DESKTOP-5AM7H9P" failures="0" tests="3" name="Default test" time="39.716" errors="0" timestamp="2024-03-14T17:40:06 CET">
  <testcase classname="tests.NewYorkerUITest" name="navigateAndTestNewYorkerWebsite" time="6.494"/>
  <testcase classname="tests.NewYorkerUITest" name="selectMenu" time="15.228"/>
  <testcase classname="tests.NewYorkerUITest" name="DoB" time="14.097"/>
</testsuite> <!-- Default test -->
