<?xml version="1.0" encoding="UTF-8"?>
<!-- Generated by org.testng.reporters.JUnitXMLReporter -->
<testsuite ignored="0" hostname="DESKTOP-5AM7H9P" failures="0" tests="3" name="Default test" time="33.368" errors="0" timestamp="2024-03-15T13:10:36 CET">
  <testcase classname="tests.NewYorkerUITest" name="navigateAndTestNewYorkerWebsite" time="4.608"/>
  <testcase classname="tests.NewYorkerUITest" name="selectMenu" time="15.205"/>
  <testcase classname="tests.NewYorkerUITest" name="DoB" time="7.846"/>
</testsuite> <!-- Default test -->
