<?xml version="1.0" encoding="UTF-8"?>
<testng-results ignored="0" total="3" passed="3" failed="0" skipped="0">
  <reporter-output>
  </reporter-output>
  <suite started-at="2024-03-14T17:39:26 CET" name="Default suite" finished-at="2024-03-14T17:40:06 CET" duration-ms="39716">
    <groups>
    </groups>
    <test started-at="2024-03-14T17:39:26 CET" name="Default test" finished-at="2024-03-14T17:40:06 CET" duration-ms="39716">
      <class name="tests.NewYorkerUITest">
        <test-method is-config="true" signature="setUp()[pri:0, instance:tests.NewYorkerUITest@4a003cbe]" started-at="2024-03-14T17:39:26 CET" name="setUp" finished-at="2024-03-14T17:39:30 CET" duration-ms="3820" status="PASS">
          <reporter-output>
          </reporter-output>
        </test-method> <!-- setUp -->
        <test-method signature="navigateAndTestNewYorkerWebsite()[pri:1, instance:tests.NewYorkerUITest@4a003cbe]" started-at="2024-03-14T17:39:30 CET" name="navigateAndTestNewYorkerWebsite" finished-at="2024-03-14T17:39:37 CET" duration-ms="6494" status="PASS">
          <reporter-output>
          </reporter-output>
        </test-method> <!-- navigateAndTestNewYorkerWebsite -->
        <test-method signature="selectMenu()[pri:3, instance:tests.NewYorkerUITest@4a003cbe]" started-at="2024-03-14T17:39:37 CET" name="selectMenu" finished-at="2024-03-14T17:39:52 CET" duration-ms="15228" status="PASS">
          <reporter-output>
          </reporter-output>
        </test-method> <!-- selectMenu -->
        <test-method signature="DoB()[pri:4, instance:tests.NewYorkerUITest@4a003cbe]" started-at="2024-03-14T17:39:52 CET" name="DoB" finished-at="2024-03-14T17:40:06 CET" duration-ms="14097" status="PASS">
          <reporter-output>
          </reporter-output>
        </test-method> <!-- DoB -->
      </class> <!-- tests.NewYorkerUITest -->
    </test> <!-- Default test -->
  </suite> <!-- Default suite -->
</testng-results>
