<?xml version="1.0" encoding="UTF-8"?>
<testng-results ignored="0" total="3" passed="3" failed="0" skipped="0">
  <reporter-output>
  </reporter-output>
  <suite started-at="2024-03-15T13:10:02 CET" name="Default suite" finished-at="2024-03-15T13:10:36 CET" duration-ms="33368">
    <groups>
    </groups>
    <test started-at="2024-03-15T13:10:02 CET" name="Default test" finished-at="2024-03-15T13:10:36 CET" duration-ms="33368">
      <class name="tests.NewYorkerUITest">
        <test-method is-config="true" signature="setUp()[pri:0, instance:tests.NewYorkerUITest@514646ef]" started-at="2024-03-15T13:10:02 CET" name="setUp" finished-at="2024-03-15T13:10:07 CET" duration-ms="4484" status="PASS">
          <reporter-output>
          </reporter-output>
        </test-method> <!-- setUp -->
        <test-method signature="navigateAndTestNewYorkerWebsite()[pri:1, instance:tests.NewYorkerUITest@514646ef]" started-at="2024-03-15T13:10:07 CET" name="navigateAndTestNewYorkerWebsite" finished-at="2024-03-15T13:10:11 CET" duration-ms="4608" status="PASS">
          <reporter-output>
          </reporter-output>
        </test-method> <!-- navigateAndTestNewYorkerWebsite -->
        <test-method signature="selectMenu()[pri:2, instance:tests.NewYorkerUITest@514646ef]" started-at="2024-03-15T13:10:11 CET" name="selectMenu" finished-at="2024-03-15T13:10:27 CET" duration-ms="15205" status="PASS">
          <reporter-output>
          </reporter-output>
        </test-method> <!-- selectMenu -->
        <test-method signature="DoB()[pri:3, instance:tests.NewYorkerUITest@514646ef]" started-at="2024-03-15T13:10:27 CET" name="DoB" finished-at="2024-03-15T13:10:34 CET" duration-ms="7846" status="PASS">
          <reporter-output>
          </reporter-output>
        </test-method> <!-- DoB -->
        <test-method is-config="true" signature="tearDown()[pri:0, instance:tests.NewYorkerUITest@514646ef]" started-at="2024-03-15T13:10:34 CET" name="tearDown" finished-at="2024-03-15T13:10:36 CET" duration-ms="1154" status="PASS">
          <reporter-output>
          </reporter-output>
        </test-method> <!-- tearDown -->
      </class> <!-- tests.NewYorkerUITest -->
    </test> <!-- Default test -->
  </suite> <!-- Default suite -->
</testng-results>
